<?xml version="1.0" encoding="UTF-8"?>
<testng-results ignored="0" total="1" passed="1" failed="0" skipped="0">
  <reporter-output>
  </reporter-output>
  <suite started-at="2023-05-30T10:42:32 IST" name="Default suite" finished-at="2023-05-30T10:42:56 IST" duration-ms="24357">
    <groups>
    </groups>
    <test started-at="2023-05-30T10:42:32 IST" name="Default test" finished-at="2023-05-30T10:42:56 IST" duration-ms="24357">
      <class name="testscripts.AddToCartTest">
        <test-method is-config="true" signature="classConfiguration()[pri:0, instance:testscripts.AddToCartTest@5fbdfdcf]" started-at="2023-05-30T10:42:32 IST" name="classConfiguration" finished-at="2023-05-30T10:42:33 IST" duration-ms="1317" status="PASS">
          <reporter-output>
          </reporter-output>
        </test-method> <!-- classConfiguration -->
        <test-method is-config="true" signature="methodConfiguration()[pri:0, instance:testscripts.AddToCartTest@5fbdfdcf]" started-at="2023-05-30T10:42:33 IST" name="methodConfiguration" finished-at="2023-05-30T10:42:49 IST" duration-ms="15407" status="PASS">
          <reporter-output>
          </reporter-output>
        </test-method> <!-- methodConfiguration -->
        <test-method signature="addToCartTest()[pri:0, instance:testscripts.AddToCartTest@5fbdfdcf]" started-at="2023-05-30T10:42:49 IST" name="addToCartTest" finished-at="2023-05-30T10:42:55 IST" duration-ms="6745" status="PASS">
          <reporter-output>
          </reporter-output>
        </test-method> <!-- addToCartTest -->
        <test-method is-config="true" signature="methodTearDown()[pri:0, instance:testscripts.AddToCartTest@5fbdfdcf]" started-at="2023-05-30T10:42:55 IST" name="methodTearDown" finished-at="2023-05-30T10:42:56 IST" duration-ms="761" status="PASS">
          <reporter-output>
          </reporter-output>
        </test-method> <!-- methodTearDown -->
        <test-method is-config="true" signature="ClassTearDown()[pri:0, instance:testscripts.AddToCartTest@5fbdfdcf]" started-at="2023-05-30T10:42:56 IST" name="ClassTearDown" finished-at="2023-05-30T10:42:56 IST" duration-ms="0" status="PASS">
          <reporter-output>
          </reporter-output>
        </test-method> <!-- ClassTearDown -->
      </class> <!-- testscripts.AddToCartTest -->
    </test> <!-- Default test -->
  </suite> <!-- Default suite -->
</testng-results>
